2025-12-09 11:27:15,105 [INFO] Activator:176 - 


2025-12-09 11:27:15,107 [INFO] Activator:177 - !SESSION log4j initialized
2025-12-09 11:27:17,652 [INFO] LogOutputStream:77 - [STDOUT_REDIRECT] 
2025-12-09 11:27:19,091 [INFO] ApplicationProperties:184 - Using Application install path: C:\ST\STM32CubeIDE_1.19.0\STM32CubeIDE\plugins\com.st.stm32cube.common.mx_6.15.0.202507011659
2025-12-09 11:27:19,103 [INFO] DbMcusXml:78 - Set database path to: C:\ST\STM32CubeIDE_1.19.0\STM32CubeIDE\plugins\com.st.stm32cube.common.mx_6.15.0.202507011659\\db\/mcu/
2025-12-09 11:27:19,103 [INFO] ApiDb:274 - Set plugin database path to: C:\ST\STM32CubeIDE_1.19.0\STM32CubeIDE\plugins\com.st.stm32cube.common.mx_6.15.0.202507011659\\db\/plugins/boardmanager/
2025-12-09 11:27:19,105 [WARN] ApiDb:259 - Overriding images path with different value:  => C:\ST\STM32CubeIDE_1.19.0\STM32CubeIDE\plugins\com.st.stm32cube.common.mx_6.15.0.202507011659\\db\/plugins/mcufinder/images/
2025-12-09 11:27:19,109 [INFO] ApiDb:250 - Set database path to: C:\Users\ASUS\.stmcufinder\plugins\mcufinder//mcu/
2025-12-09 11:27:19,110 [INFO] DbMcusAds:125 - Set database path to: C:\Users\ASUS\.stmcufinder\plugins\mcufinder//mcu/
2025-12-09 11:27:19,112 [INFO] CrossReferenceDbSqlite:203 - Set database path to: C:\Users\ASUS\.stmcufinder\plugins\mcufinder//mcu/cs/
2025-12-09 11:27:19,210 [INFO] RulesReader:64 - Compatibility file has been processed (317 Rules)
2025-12-09 11:27:19,283 [INFO] DbMcusXml:78 - Set database path to: C:\ST\STM32CubeIDE_1.19.0\STM32CubeIDE\plugins\com.st.stm32cube.common.mx_6.15.0.202507011659\\db\/mcu/
2025-12-09 11:27:19,283 [INFO] ApiDb:274 - Set plugin database path to: C:\ST\STM32CubeIDE_1.19.0\STM32CubeIDE\plugins\com.st.stm32cube.common.mx_6.15.0.202507011659\\db\/plugins/boardmanager/
2025-12-09 11:27:19,283 [INFO] ApiDb:261 - Set plugin images path to: C:\ST\STM32CubeIDE_1.19.0\STM32CubeIDE\plugins\com.st.stm32cube.common.mx_6.15.0.202507011659\\db\/plugins/mcufinder/images/
2025-12-09 11:27:19,283 [WARN] DbFile:41 - Overriding database path with different value: C:\Users\ASUS\.stmcufinder\plugins\mcufinder/ => C:\Users\ASUS\.stmcufinder\plugins\mcufinder
2025-12-09 11:27:19,283 [INFO] ApiDb:250 - Set database path to: C:\Users\ASUS\.stmcufinder\plugins\mcufinder//mcu/
2025-12-09 11:27:19,284 [WARN] DbFile:41 - Overriding database path with different value: C:\Users\ASUS\.stmcufinder\plugins\mcufinder/ => C:\Users\ASUS\.stmcufinder\plugins\mcufinder
2025-12-09 11:27:19,284 [INFO] DbMcusAds:125 - Set database path to: C:\Users\ASUS\.stmcufinder\plugins\mcufinder//mcu/
2025-12-09 11:27:19,284 [WARN] DbFile:41 - Overriding database path with different value: C:\Users\ASUS\.stmcufinder\plugins\mcufinder/ => C:\Users\ASUS\.stmcufinder\plugins\mcufinder
2025-12-09 11:27:19,284 [WARN] DbFile:41 - Overriding database path with different value: C:\Users\ASUS\.stmcufinder\plugins\mcufinder/ => C:\Users\ASUS\.stmcufinder\plugins\mcufinder
2025-12-09 11:27:19,284 [INFO] CrossReferenceDbSqlite:203 - Set database path to: C:\Users\ASUS\.stmcufinder\plugins\mcufinder//mcu/cs/
2025-12-09 11:27:19,346 [INFO] MainPanel:274 - HeapMemory: 268435456
2025-12-09 11:27:19,405 [INFO] DbMcusXml:78 - Set database path to: C:\ST\STM32CubeIDE_1.19.0\STM32CubeIDE\plugins\com.st.stm32cube.common.mx_6.15.0.202507011659\\db\/mcu/
2025-12-09 11:27:19,405 [INFO] ApiDb:274 - Set plugin database path to: C:\ST\STM32CubeIDE_1.19.0\STM32CubeIDE\plugins\com.st.stm32cube.common.mx_6.15.0.202507011659\\db\/plugins/boardmanager/
2025-12-09 11:27:19,405 [INFO] ApiDb:261 - Set plugin images path to: C:\ST\STM32CubeIDE_1.19.0\STM32CubeIDE\plugins\com.st.stm32cube.common.mx_6.15.0.202507011659\\db\/plugins/mcufinder/images/
2025-12-09 11:27:19,405 [WARN] DbFile:41 - Overriding database path with different value: C:\Users\ASUS\.stmcufinder\plugins\mcufinder/ => C:\Users\ASUS\.stmcufinder\plugins\mcufinder
2025-12-09 11:27:19,405 [INFO] ApiDb:250 - Set database path to: C:\Users\ASUS\.stmcufinder\plugins\mcufinder//mcu/
2025-12-09 11:27:19,405 [WARN] DbFile:41 - Overriding database path with different value: C:\Users\ASUS\.stmcufinder\plugins\mcufinder/ => C:\Users\ASUS\.stmcufinder\plugins\mcufinder
2025-12-09 11:27:19,405 [INFO] DbMcusAds:125 - Set database path to: C:\Users\ASUS\.stmcufinder\plugins\mcufinder//mcu/
2025-12-09 11:27:19,405 [WARN] DbFile:41 - Overriding database path with different value: C:\Users\ASUS\.stmcufinder\plugins\mcufinder/ => C:\Users\ASUS\.stmcufinder\plugins\mcufinder
2025-12-09 11:27:19,405 [WARN] DbFile:41 - Overriding database path with different value: C:\Users\ASUS\.stmcufinder\plugins\mcufinder/ => C:\Users\ASUS\.stmcufinder\plugins\mcufinder
2025-12-09 11:27:19,406 [INFO] CrossReferenceDbSqlite:203 - Set database path to: C:\Users\ASUS\.stmcufinder\plugins\mcufinder//mcu/cs/
2025-12-09 11:27:19,420 [INFO] ApplicationProperties:184 - Using Application install path: C:\ST\STM32CubeIDE_1.19.0\STM32CubeIDE\plugins\com.st.stm32cube.common.mx_6.15.0.202507011659
2025-12-09 11:27:19,421 [INFO] PluginManage:196 - Search for loadable plugins [exclusion list=, ]
2025-12-09 11:27:19,422 [INFO] PluginManage:310 - Check plugin analytics
2025-12-09 11:27:19,571 [INFO] AnalyticsPlugin:253 - Accepted Software Licenses: STM32CubeMX.6.14.1,STM32CubeMX.6.16.0
2025-12-09 11:27:19,571 [INFO] AnalyticsPlugin:255 - Accepted CMSIS Pack Licenses: 
2025-12-09 11:27:19,571 [INFO] AnalyticsPlugin:257 - Accepted Firmware Licenses: FW.F4.1.28.0,FW.F4.1.27.0
2025-12-09 11:27:19,574 [INFO] PluginManage:359 - Loaded plugin analytics (category:tool,tabindex:-1)
2025-12-09 11:27:19,574 [INFO] PluginManage:310 - Check plugin cadmodel
2025-12-09 11:27:19,578 [INFO] CADModel:105 - Init CAD model plugin
2025-12-09 11:27:19,578 [INFO] PluginManage:359 - Loaded plugin cadmodel (category:power,tabindex:5)
2025-12-09 11:27:19,579 [INFO] PluginManage:310 - Check plugin clock
2025-12-09 11:27:19,585 [INFO] PluginManage:359 - Loaded plugin clock (category:base,tabindex:2)
2025-12-09 11:27:19,585 [INFO] PluginManage:310 - Check plugin ddr
2025-12-09 11:27:19,587 [INFO] PluginManage:359 - Loaded plugin ddr (category:tool,tabindex:6)
2025-12-09 11:27:19,587 [INFO] PluginManage:310 - Check plugin filemanager
2025-12-09 11:27:19,742 [INFO] PluginManage:359 - Loaded plugin filemanager (category:base,tabindex:10)
2025-12-09 11:27:19,742 [INFO] PluginManage:310 - Check plugin ipmanager
2025-12-09 11:27:19,749 [INFO] PluginManage:359 - Loaded plugin ipmanager (category:base,tabindex:5)
2025-12-09 11:27:19,749 [INFO] PluginManage:310 - Check plugin lpbam
2025-12-09 11:27:19,756 [INFO] PluginManage:359 - Loaded plugin lpbam (category:base,tabindex:0)
2025-12-09 11:27:19,756 [INFO] PluginManage:310 - Check plugin memorymap
2025-12-09 11:27:19,764 [INFO] PluginManage:359 - Loaded plugin memorymap (category:base,tabindex:4)
2025-12-09 11:27:19,764 [INFO] PluginManage:310 - Check plugin pinoutandconfiguration
2025-12-09 11:27:19,769 [INFO] PluginManage:359 - Loaded plugin pinoutandconfiguration (category:base,tabindex:1)
2025-12-09 11:27:19,769 [INFO] PluginManage:310 - Check plugin pinoutconfig
2025-12-09 11:27:19,825 [WARN] SupportedApi:132 - Cannot load RTOS API schema: s4s-elt-must-match.1: The content of 'definitions' must match (annotation?, (simpleType | complexType)?, (unique | key | keyref)*)). A problem was found starting at: attribute.
2025-12-09 11:27:19,915 [INFO] PluginManage:359 - Loaded plugin pinoutconfig (category:base,tabindex:0)
2025-12-09 11:27:19,916 [INFO] PluginManage:310 - Check plugin power
2025-12-09 11:27:19,921 [INFO] PluginManage:359 - Loaded plugin power (category:power,tabindex:4)
2025-12-09 11:27:19,922 [INFO] PluginManage:310 - Check plugin projectmanager
2025-12-09 11:27:19,934 [INFO] PluginManage:359 - Loaded plugin projectmanager (category:projectmanager,tabindex:4)
2025-12-09 11:27:19,935 [INFO] PluginManage:310 - Check plugin rif
2025-12-09 11:27:19,941 [INFO] PluginManage:359 - Loaded plugin rif (category:base,tabindex:3)
2025-12-09 11:27:19,941 [INFO] PluginManage:310 - Check plugin thirdparty
2025-12-09 11:27:20,036 [INFO] PluginManage:359 - Loaded plugin thirdparty (category:base,tabindex:-1)
2025-12-09 11:27:20,036 [WARN] IntegrityCheckThread:84 - waiting for thirdparty lock release [integrity check]
2025-12-09 11:27:20,036 [INFO] IntegrityCheckThread:86 - entering critical section [integrity check]
2025-12-09 11:27:20,037 [INFO] PluginManage:310 - Check plugin tools
2025-12-09 11:27:20,037 [INFO] ThirdPartyUpdaterWithRetryManager:70 - Updater plugin not ready yet. [1/15]
2025-12-09 11:27:20,039 [INFO] PluginManage:359 - Loaded plugin tools (category:base,tabindex:7)
2025-12-09 11:27:20,039 [INFO] PluginManage:310 - Check plugin tutovideos
2025-12-09 11:27:20,158 [INFO] PluginManage:359 - Loaded plugin tutovideos (category:base,tabindex:-1)
2025-12-09 11:27:20,158 [INFO] PluginManage:310 - Check plugin updater
2025-12-09 11:27:20,174 [INFO] PluginManage:359 - Loaded plugin updater (category:base,tabindex:12)
2025-12-09 11:27:20,175 [INFO] PluginManage:310 - Check plugin userauth
2025-12-09 11:27:20,178 [INFO] UserAuth:118 - Init User Auth plugin
2025-12-09 11:27:20,178 [INFO] PluginManage:359 - Loaded plugin userauth (category:base,tabindex:14)
2025-12-09 11:27:20,178 [INFO] PluginManage:283 - PluginManage : Loaded plugins [18]
2025-12-09 11:27:20,347 [INFO] PinOutPanel:1589 - setPackage(No Configuration,No Configuration)
2025-12-09 11:27:20,414 [INFO] CADModel:165 - CPN selected for project level
2025-12-09 11:27:20,414 [INFO] CADModel:114 - Register for checkConnection events
2025-12-09 11:27:20,424 [INFO] IPUIPlugin:80 - create IPUIPlugin
2025-12-09 11:27:20,424 [INFO] PluginManager:220 - loadIPPluginJar : add adc
2025-12-09 11:27:20,426 [INFO] IPUIPlugin:80 - create IPUIPlugin
2025-12-09 11:27:20,426 [INFO] PluginManager:220 - loadIPPluginJar : add aes
2025-12-09 11:27:20,428 [INFO] IPUIPlugin:80 - create IPUIPlugin
2025-12-09 11:27:20,429 [INFO] PluginManager:220 - loadIPPluginJar : add can
2025-12-09 11:27:20,431 [INFO] IPUIPlugin:80 - create IPUIPlugin
2025-12-09 11:27:20,431 [INFO] PluginManager:220 - loadIPPluginJar : add comp
2025-12-09 11:27:20,434 [INFO] IPUIPlugin:80 - create IPUIPlugin
2025-12-09 11:27:20,434 [INFO] PluginManager:220 - loadIPPluginJar : add cryp
2025-12-09 11:27:20,436 [INFO] IPUIPlugin:80 - create IPUIPlugin
2025-12-09 11:27:20,436 [INFO] PluginManager:220 - loadIPPluginJar : add ddr_ctrl_phy
2025-12-09 11:27:20,438 [INFO] IPUIPlugin:80 - create IPUIPlugin
2025-12-09 11:27:20,438 [INFO] PluginManager:220 - loadIPPluginJar : add dfsdm
2025-12-09 11:27:20,442 [INFO] IPUIPlugin:80 - create IPUIPlugin
2025-12-09 11:27:20,443 [INFO] PluginManager:220 - loadIPPluginJar : add dma
2025-12-09 11:27:20,445 [INFO] IPUIPlugin:80 - create IPUIPlugin
2025-12-09 11:27:20,445 [INFO] PluginManager:220 - loadIPPluginJar : add dma3
2025-12-09 11:27:20,447 [INFO] IPUIPlugin:80 - create IPUIPlugin
2025-12-09 11:27:20,448 [INFO] PluginManager:220 - loadIPPluginJar : add extmemmanager
2025-12-09 11:27:20,449 [INFO] IPUIPlugin:80 - create IPUIPlugin
2025-12-09 11:27:20,449 [INFO] PluginManager:220 - loadIPPluginJar : add fatfs
2025-12-09 11:27:20,452 [INFO] IPUIPlugin:80 - create IPUIPlugin
2025-12-09 11:27:20,452 [INFO] PluginManager:220 - loadIPPluginJar : add fmc
2025-12-09 11:27:20,456 [INFO] IPUIPlugin:80 - create IPUIPlugin
2025-12-09 11:27:20,456 [INFO] PluginManager:220 - loadIPPluginJar : add freertos
2025-12-09 11:27:20,457 [INFO] IPUIPlugin:80 - create IPUIPlugin
2025-12-09 11:27:20,457 [INFO] PluginManager:220 - loadIPPluginJar : add genericplugin
2025-12-09 11:27:20,459 [INFO] IPUIPlugin:80 - create IPUIPlugin
2025-12-09 11:27:20,459 [INFO] PluginManager:220 - loadIPPluginJar : add gfxmmu
2025-12-09 11:27:20,463 [INFO] IPUIPlugin:80 - create IPUIPlugin
2025-12-09 11:27:20,463 [INFO] PluginManager:220 - loadIPPluginJar : add gic
2025-12-09 11:27:20,466 [INFO] IPUIPlugin:80 - create IPUIPlugin
2025-12-09 11:27:20,466 [INFO] PluginManager:220 - loadIPPluginJar : add gpio
2025-12-09 11:27:20,468 [INFO] IPUIPlugin:80 - create IPUIPlugin
2025-12-09 11:27:20,468 [INFO] PluginManager:220 - loadIPPluginJar : add gtzc
2025-12-09 11:27:20,469 [INFO] IPUIPlugin:80 - create IPUIPlugin
2025-12-09 11:27:20,470 [INFO] PluginManager:220 - loadIPPluginJar : add hash
2025-12-09 11:27:20,471 [INFO] IPUIPlugin:80 - create IPUIPlugin
2025-12-09 11:27:20,472 [INFO] PluginManager:220 - loadIPPluginJar : add i2c
2025-12-09 11:27:20,473 [INFO] IPUIPlugin:80 - create IPUIPlugin
2025-12-09 11:27:20,473 [INFO] PluginManager:220 - loadIPPluginJar : add i2s
2025-12-09 11:27:20,475 [INFO] IPUIPlugin:80 - create IPUIPlugin
2025-12-09 11:27:20,475 [INFO] PluginManager:220 - loadIPPluginJar : add i3c
2025-12-09 11:27:20,477 [INFO] IPUIPlugin:80 - create IPUIPlugin
2025-12-09 11:27:20,477 [INFO] PluginManager:220 - loadIPPluginJar : add ipddr
2025-12-09 11:27:20,481 [INFO] IPUIPlugin:80 - create IPUIPlugin
2025-12-09 11:27:20,482 [INFO] PluginManager:220 - loadIPPluginJar : add linkedlist
2025-12-09 11:27:20,483 [INFO] IPUIPlugin:80 - create IPUIPlugin
2025-12-09 11:27:20,483 [INFO] PluginManager:220 - loadIPPluginJar : add lorawan
2025-12-09 11:27:20,485 [INFO] IPUIPlugin:80 - create IPUIPlugin
2025-12-09 11:27:20,485 [INFO] PluginManager:220 - loadIPPluginJar : add ltdc
2025-12-09 11:27:20,488 [INFO] IPUIPlugin:80 - create IPUIPlugin
2025-12-09 11:27:20,488 [INFO] PluginManager:220 - loadIPPluginJar : add mdma
2025-12-09 11:27:20,490 [INFO] IPUIPlugin:80 - create IPUIPlugin
2025-12-09 11:27:20,490 [INFO] PluginManager:220 - loadIPPluginJar : add nvic
2025-12-09 11:27:20,492 [INFO] IPUIPlugin:80 - create IPUIPlugin
2025-12-09 11:27:20,492 [INFO] PluginManager:220 - loadIPPluginJar : add opamp
2025-12-09 11:27:20,494 [INFO] IPUIPlugin:80 - create IPUIPlugin
2025-12-09 11:27:20,495 [INFO] PluginManager:220 - loadIPPluginJar : add openamp
2025-12-09 11:27:20,496 [INFO] IPUIPlugin:80 - create IPUIPlugin
2025-12-09 11:27:20,497 [INFO] PluginManager:220 - loadIPPluginJar : add pdm2pcm
2025-12-09 11:27:20,500 [INFO] IPUIPlugin:80 - create IPUIPlugin
2025-12-09 11:27:20,502 [INFO] PluginManager:220 - loadIPPluginJar : add plateformsettings
2025-12-09 11:27:20,503 [INFO] IPUIPlugin:80 - create IPUIPlugin
2025-12-09 11:27:20,503 [INFO] PluginManager:220 - loadIPPluginJar : add quadspi
2025-12-09 11:27:20,504 [INFO] IPUIPlugin:80 - create IPUIPlugin
2025-12-09 11:27:20,504 [INFO] PluginManager:220 - loadIPPluginJar : add radio
2025-12-09 11:27:20,506 [INFO] IPUIPlugin:80 - create IPUIPlugin
2025-12-09 11:27:20,507 [INFO] PluginManager:220 - loadIPPluginJar : add resmgrutility
2025-12-09 11:27:20,508 [INFO] IPUIPlugin:80 - create IPUIPlugin
2025-12-09 11:27:20,509 [INFO] PluginManager:220 - loadIPPluginJar : add sai
2025-12-09 11:27:20,510 [INFO] IPUIPlugin:80 - create IPUIPlugin
2025-12-09 11:27:20,510 [INFO] PluginManager:220 - loadIPPluginJar : add spi
2025-12-09 11:27:20,515 [INFO] IPUIPlugin:80 - create IPUIPlugin
2025-12-09 11:27:20,516 [INFO] PluginManager:220 - loadIPPluginJar : add stm32_wpan
2025-12-09 11:27:20,517 [INFO] IPUIPlugin:80 - create IPUIPlugin
2025-12-09 11:27:20,518 [INFO] PluginManager:220 - loadIPPluginJar : add tim
2025-12-09 11:27:20,520 [INFO] IPUIPlugin:80 - create IPUIPlugin
2025-12-09 11:27:20,520 [INFO] PluginManager:220 - loadIPPluginJar : add touchsensing
2025-12-09 11:27:20,521 [INFO] IPUIPlugin:80 - create IPUIPlugin
2025-12-09 11:27:20,522 [INFO] PluginManager:220 - loadIPPluginJar : add tracer_emb
2025-12-09 11:27:20,523 [INFO] IPUIPlugin:80 - create IPUIPlugin
2025-12-09 11:27:20,523 [INFO] PluginManager:220 - loadIPPluginJar : add ts
2025-12-09 11:27:20,524 [INFO] IPUIPlugin:80 - create IPUIPlugin
2025-12-09 11:27:20,524 [INFO] PluginManager:220 - loadIPPluginJar : add tsc
2025-12-09 11:27:20,525 [INFO] IPUIPlugin:80 - create IPUIPlugin
2025-12-09 11:27:20,526 [INFO] PluginManager:220 - loadIPPluginJar : add ucpd
2025-12-09 11:27:20,527 [INFO] IPUIPlugin:80 - create IPUIPlugin
2025-12-09 11:27:20,527 [INFO] PluginManager:220 - loadIPPluginJar : add usart
2025-12-09 11:27:20,530 [INFO] IPUIPlugin:80 - create IPUIPlugin
2025-12-09 11:27:20,530 [INFO] PluginManager:220 - loadIPPluginJar : add usbx
2025-12-09 11:27:20,642 [FATAL] Updater:351 - Updater called before beeing initialized
2025-12-09 11:27:20,659 [INFO] RulesReader:64 - Compatibility file has been processed (317 Rules)
2025-12-09 11:27:20,669 [INFO] RulesReader:64 - Compatibility file has been processed (317 Rules)
2025-12-09 11:27:20,674 [INFO] CADModel:165 - CPN selected for project level
2025-12-09 11:27:20,674 [INFO] CADModel:114 - Register for checkConnection events
2025-12-09 11:27:20,674 [FATAL] Updater:351 - Updater called before beeing initialized
2025-12-09 11:27:20,674 [ERROR] CADModel:125 - Updater not yet initialized, retry later 
2025-12-09 11:27:20,776 [FATAL] Updater:351 - Updater called before beeing initialized
2025-12-09 11:27:20,777 [INFO] CADModel:165 - CPN selected for project level
2025-12-09 11:27:20,777 [INFO] CADModel:114 - Register for checkConnection events
2025-12-09 11:27:20,777 [FATAL] Updater:351 - Updater called before beeing initialized
2025-12-09 11:27:20,777 [ERROR] CADModel:125 - Updater not yet initialized, retry later 
2025-12-09 11:27:20,780 [FATAL] Updater:351 - Updater called before beeing initialized
2025-12-09 11:27:20,856 [FATAL] Updater:351 - Updater called before beeing initialized
2025-12-09 11:27:20,858 [INFO] DbMcusAds:53 - JSON generation date=Fri Dec 05 16:13:14 ICT 2025 (1764925994673)
2025-12-09 11:27:20,859 [FATAL] Updater:351 - Updater called before beeing initialized
2025-12-09 11:27:20,883 [WARN] DetailPanel:346 - Failed to get advertising image, set to default
2025-12-09 11:27:20,956 [FATAL] Updater:351 - Updater called before beeing initialized
2025-12-09 11:27:20,958 [FATAL] Updater:351 - Updater called before beeing initialized
2025-12-09 11:27:20,958 [FATAL] Updater:351 - Updater called before beeing initialized
2025-12-09 11:27:20,958 [WARN] DetailPanel:346 - Failed to get advertising image, set to default
2025-12-09 11:27:20,959 [FATAL] Updater:351 - Updater called before beeing initialized
2025-12-09 11:27:20,994 [ERROR] Updater:1198 - MainUpdater not yet initialized. External WinMGr cannot be set.
2025-12-09 11:27:20,996 [INFO] Updater:1134 - Updater Version found : 6.15.0
2025-12-09 11:27:21,007 [INFO] ApplicationProperties:184 - Using Application install path: C:\ST\STM32CubeIDE_1.19.0\STM32CubeIDE\plugins\com.st.stm32cube.common.mx_6.15.0.202507011659
2025-12-09 11:27:22,574 [ERROR] LogOutputStream:75 - [STDERR_REDIRECT] Dec 09, 2025 11:27:22 AM java.util.prefs.WindowsPreferences <init>
2025-12-09 11:27:22,575 [ERROR] LogOutputStream:75 - [STDERR_REDIRECT] WARNING: Could not open/create prefs root node Software\JavaSoft\Prefs at root 0xffffffff80000002. Windows RegCreateKeyEx(...) returned error code 5.
2025-12-09 11:27:22,575 [ERROR] LogOutputStream:75 - [STDERR_REDIRECT] 
2025-12-09 11:27:23,038 [INFO] ThirdPartyUpdaterWithRetryManager:70 - Updater plugin not ready yet. [2/15]
2025-12-09 11:27:24,876 [WARN] CheckConnectionManager:291 - Warning during Server Connection :  timeout Read timed out
2025-12-09 11:27:25,976 [INFO] MainUpdater:2872 - connection check result : 10
2025-12-09 11:27:25,977 [INFO] MainUpdater:289 - Updater Check For Update Now.
2025-12-09 11:27:25,977 [INFO] MicroXplorer:498 - Change Database Version : DB.6.0.150
2025-12-09 11:27:25,981 [INFO] McuFinderGlobals:63 - Set McuFinder mode to 2 (CubeIDE integrated)
2025-12-09 11:27:25,982 [INFO] UserAuth:487 - Internet connection configuration mode: 1
2025-12-09 11:27:26,000 [INFO] JxBrowserEngine:152 - Initiate JxBrowser Engine with user profile folder
2025-12-09 11:27:26,039 [WARN] MainUpdater:1193 - Updater busy. Cannot search thirdparties
2025-12-09 11:27:26,039 [INFO] ThirdPartyUpdaterWithRetryManager:96 - Updater plugin is busy. [1/15]
2025-12-09 11:27:26,145 [INFO] CheckServerUpdateThread:120 - End of CheckServer Thread
2025-12-09 11:27:26,491 [INFO] WebApp:169 - Instantiating new browser for Auth
2025-12-09 11:27:27,076 [INFO] WebApp:463 - Apply proxy settings
2025-12-09 11:27:27,077 [INFO] WebApp:548 - Chromium requires no authentication
2025-12-09 11:27:27,083 [INFO] WebApp:491 - Direct internet connection detected
2025-12-09 11:27:27,105 [INFO] WebApp:900 - Register for checkConnection events
2025-12-09 11:27:27,105 [INFO] WebApp:463 - Apply proxy settings
2025-12-09 11:27:27,105 [INFO] WebApp:548 - Chromium requires no authentication
2025-12-09 11:27:27,106 [INFO] WebApp:491 - Direct internet connection detected
2025-12-09 11:27:27,293 [INFO] WebApp:225 - Starting web application
2025-12-09 11:27:27,293 [INFO] WebApp:593 - Web application path used C:\ST\STM32CubeIDE_1.19.0\STM32CubeIDE\plugins\com.st.stm32cube.common.mx_6.15.0.202507011659\db\plugins\mcufinder\reactClient1\index.html
2025-12-09 11:27:27,370 [INFO] UserAuth:487 - Internet connection configuration mode: 1
2025-12-09 11:27:28,009 [INFO] WebApp:191 - Connection restablished
2025-12-09 11:27:29,282 [WARN] PackLoader:240 - Cannot read IP mode file for STMicroelectronics.FP-SNS-MOTENVWB1.1.4.0
2025-12-09 11:27:29,293 [WARN] PackLoader:240 - Cannot read IP mode file for STMicroelectronics.X-CUBE-SMBUS.2.1.0
2025-12-09 11:27:29,299 [WARN] PackLoader:240 - Cannot read IP mode file for STMicroelectronics.X-CUBE-ST60.1.0.0
2025-12-09 11:27:29,326 [WARN] PackLoader:240 - Cannot read IP mode file for STMicroelectronics.X-CUBE-AZRTOS-F7.1.1.0
2025-12-09 11:27:29,335 [WARN] PackLoader:240 - Cannot read IP mode file for STMicroelectronics.FP-SNS-MOTENV1.5.1.0
2025-12-09 11:27:29,358 [WARN] PackLoader:240 - Cannot read IP mode file for Infineon.AIROC-Wi-Fi-Bluetooth-STM32.1.7.0
2025-12-09 11:27:29,386 [WARN] PackLoader:240 - Cannot read IP mode file for STMicroelectronics.X-CUBE-AZRTOS-H7.3.4.0
2025-12-09 11:27:29,399 [WARN] PackLoader:240 - Cannot read IP mode file for STMicroelectronics.X-CUBE-DISPLAY.3.0.0
2025-12-09 11:27:29,414 [WARN] PackLoader:240 - Cannot read IP mode file for STMicroelectronics.X-CUBE-NFC10.1.0.0
2025-12-09 11:27:29,425 [WARN] PackLoader:240 - Cannot read IP mode file for STMicroelectronics.X-CUBE-BLEMGR.4.0.0
2025-12-09 11:27:29,434 [WARN] PackLoader:240 - Cannot read IP mode file for STMicroelectronics.X-CUBE-ST60.1.1.0
2025-12-09 11:27:29,441 [WARN] PackLoader:240 - Cannot read IP mode file for emotas.I-CUBE-CANOPEN.1.3.0
2025-12-09 11:27:29,450 [WARN] PackLoader:240 - Cannot read IP mode file for STMicroelectronics.X-CUBE-GNSS1.7.1.0
2025-12-09 11:27:29,468 [WARN] ConditionMgr:438 - getConditionDescription Invalid condition id : Cortex-A Device cause : null
2025-12-09 11:27:29,483 [WARN] ConditionMgr:1044 - genDependencies : Invalid condition id : Cortex-A Device cause : null
2025-12-09 11:27:29,483 [WARN] ConditionMgr:1044 - genDependencies : Invalid condition id : Cortex-A Device cause : null
2025-12-09 11:27:29,484 [WARN] ConditionMgr:1044 - genDependencies : Invalid condition id : Cortex-A Device cause : null
2025-12-09 11:27:29,492 [WARN] PackLoader:240 - Cannot read IP mode file for STMicroelectronics.FP-SNS-STBOX1.2.1.0
2025-12-09 11:27:29,499 [WARN] PackLoader:240 - Cannot read IP mode file for STMicroelectronics.FP-SNS-SMARTAG2.1.2.0
2025-12-09 11:27:29,508 [INFO] LogOutputStream:77 - [STDOUT_REDIRECT] 1 : Invalid condition id : UX_CORESTACK_Condition cause : null
2025-12-09 11:27:29,509 [INFO] LogOutputStream:77 - [STDOUT_REDIRECT] 1 : Invalid condition id : UX_CORESTACK_Condition cause : null
2025-12-09 11:27:29,510 [INFO] LogOutputStream:77 - [STDOUT_REDIRECT] 1 : Invalid condition id : UX_CORESTACK_Condition cause : null
2025-12-09 11:27:29,510 [INFO] LogOutputStream:77 - [STDOUT_REDIRECT] 1 : Invalid condition id : UX_CORESTACK_Condition cause : null
2025-12-09 11:27:29,511 [INFO] LogOutputStream:77 - [STDOUT_REDIRECT] 1 : Invalid condition id : UX_CORESTACK_Condition cause : null
2025-12-09 11:27:29,514 [WARN] PackLoader:240 - Cannot read IP mode file for STMicroelectronics.X-CUBE-AZRTOS-WL.2.0.0
2025-12-09 11:27:29,519 [WARN] PackLoader:240 - Cannot read IP mode file for STMicroelectronics.FP-SNS-MOTENV1.5.0.0
2025-12-09 11:27:29,536 [WARN] PackLoader:240 - Cannot read IP mode file for STMicroelectronics.X-CUBE-AZRTOS-H7RS.1.2.0
2025-12-09 11:27:29,547 [WARN] PackLoader:240 - Cannot read IP mode file for WES.I-CUBE-Cesium.1.3.0
2025-12-09 11:27:29,555 [WARN] PackLoader:240 - Cannot read IP mode file for STMicroelectronics.X-CUBE-BLE2.3.3.0
2025-12-09 11:27:29,574 [WARN] PackLoader:240 - Cannot read IP mode file for STMicroelectronics.X-CUBE-NFC9.1.0.0
2025-12-09 11:27:29,580 [WARN] PackLoader:240 - Cannot read IP mode file for wolfSSL.I-CUBE-wolfSSL.5.8.0
2025-12-09 11:27:29,585 [WARN] PackLoader:240 - Cannot read IP mode file for wolfSSL.I-CUBE-wolfMQTT.1.19.2
2025-12-09 11:27:29,591 [WARN] PackLoader:240 - Cannot read IP mode file for STMicroelectronics.X-CUBE-FREERTOS.1.4.0
2025-12-09 11:27:29,596 [WARN] PackLoader:240 - Cannot read IP mode file for STMicroelectronics.X-CUBE-EEPRMA1.5.2.0
2025-12-09 11:27:29,604 [WARN] PackLoader:240 - Cannot read IP mode file for STMicroelectronics.X-CUBE-ST67W61.1.1.0
2025-12-09 11:27:29,608 [WARN] PackLoader:240 - Cannot read IP mode file for STMicroelectronics.X-CUBE-AI.10.1.0
2025-12-09 11:27:29,640 [WARN] PackLoader:240 - Cannot read IP mode file for STMicroelectronics.X-CUBE-MEMS1.12.0.0
2025-12-09 11:27:29,740 [WARN] PackLoader:240 - Cannot read IP mode file for STMicroelectronics.X-CUBE-MEMS1.11.2.0
2025-12-09 11:27:29,904 [WARN] PackLoader:240 - Cannot read IP mode file for STMicroelectronics.X-CUBE-AZRTOS-G0.1.1.0
2025-12-09 11:27:29,913 [WARN] PackLoader:240 - Cannot read IP mode file for STMicroelectronics.X-CUBE-SAFEA1.1.2.2
2025-12-09 11:27:29,921 [WARN] PackLoader:240 - Cannot read IP mode file for STMicroelectronics.X-CUBE-NFC4.3.0.0
2025-12-09 11:27:29,931 [WARN] PackLoader:240 - Cannot read IP mode file for EmbeddedOffice.I-CUBE-FS-RTOS.1.0.1
2025-12-09 11:27:29,938 [WARN] PackLoader:240 - Cannot read IP mode file for STMicroelectronics.X-CUBE-WB05N.2.0.0
2025-12-09 11:27:29,944 [WARN] PackLoader:240 - Cannot read IP mode file for wolfSSL.I-CUBE-wolfTPM.3.8.0
2025-12-09 11:27:29,952 [WARN] PackLoader:240 - Cannot read IP mode file for STMicroelectronics.X-CUBE-TCPP.4.2.0
2025-12-09 11:27:29,960 [WARN] PackLoader:240 - Cannot read IP mode file for RealThread.X-CUBE-RT-Thread_Nano.4.1.1
2025-12-09 11:27:29,965 [WARN] PackLoader:240 - Cannot read IP mode file for STMicroelectronics.FP-ATR-SIGFOX1.3.2.0
2025-12-09 11:27:29,972 [WARN] PackLoader:240 - Cannot read IP mode file for STMicroelectronics.X-CUBE-EEPRMA1.5.1.0
2025-12-09 11:27:29,981 [WARN] PackLoader:240 - Cannot read IP mode file for ITTIA_DB.I-CUBE-ITTIADB.8.9.0
2025-12-09 11:27:29,986 [WARN] PackLoader:240 - Cannot read IP mode file for STMicroelectronics.X-CUBE-ST67W61.1.0.0
2025-12-09 11:27:29,990 [WARN] PackLoader:240 - Cannot read IP mode file for STMicroelectronics.X-CUBE-AI.10.2.0
2025-12-09 11:27:30,022 [WARN] PackLoader:240 - Cannot read IP mode file for SEGGER.I-CUBE-embOS.1.3.1
2025-12-09 11:27:30,049 [WARN] PackLoader:240 - Cannot read IP mode file for STMicroelectronics.X-CUBE-ALGOBUILD.1.4.0
2025-12-09 11:27:30,086 [WARN] PackLoader:240 - Cannot read IP mode file for STMicroelectronics.X-CUBE-MEMS1.11.3.0
2025-12-09 11:27:30,198 [WARN] PackLoader:240 - Cannot read IP mode file for STMicroelectronics.X-CUBE-PM33A1.1.0.0
2025-12-09 11:27:30,215 [WARN] PackLoader:240 - Cannot read IP mode file for STMicroelectronics.X-CUBE-AZRTOS-F4.1.1.0
2025-12-09 11:27:30,222 [WARN] PackLoader:240 - Cannot read IP mode file for Avnet-IotConnect.X-CUBE-IoTC-DA16k-PMOD.1.0.0
2025-12-09 11:27:30,229 [WARN] PackLoader:240 - Cannot read IP mode file for STMicroelectronics.X-CUBE-ISPU.2.1.0
2025-12-09 11:27:30,245 [WARN] PackLoader:240 - Cannot read IP mode file for STMicroelectronics.X-CUBE-IPS.3.2.0
2025-12-09 11:27:30,261 [WARN] PackLoader:240 - Cannot read IP mode file for STMicroelectronics.X-CUBE-NFC12.1.0.0
2025-12-09 11:27:30,279 [WARN] PackLoader:240 - Cannot read IP mode file for STMicroelectronics.X-CUBE-AZRTOS-L5.2.0.0
2025-12-09 11:27:30,290 [WARN] PackLoader:240 - Cannot read IP mode file for STMicroelectronics.X-CUBE-NFC6.3.1.0
2025-12-09 11:27:30,312 [WARN] PackLoader:240 - Cannot read IP mode file for STMicroelectronics.X-CUBE-FREERTOS.1.3.1
2025-12-09 11:27:30,323 [WARN] PackLoader:240 - Cannot read IP mode file for STMicroelectronics.X-CUBE-TOUCHGFX.4.26.0
2025-12-09 11:27:30,330 [WARN] PackLoader:240 - Cannot read IP mode file for STMicroelectronics.FP-SNS-STAIOTCFT.1.0.0
2025-12-09 11:27:30,345 [WARN] ConditionMgr:438 - getConditionDescription Invalid condition id : LAN8742 Phy interface Condition cause : null
2025-12-09 11:27:30,346 [WARN] PackLoader:240 - Cannot read IP mode file for STMicroelectronics.X-CUBE-AZRTOS-L4.2.0.0
2025-12-09 11:27:30,347 [WARN] ConditionMgr:1044 - genDependencies : Invalid condition id : LAN8742 Phy interface Condition cause : null
2025-12-09 11:27:30,347 [WARN] ConditionMgr:1044 - genDependencies : Invalid condition id : LAN8742 Phy interface Condition cause : null
2025-12-09 11:27:30,348 [WARN] ConditionMgr:1044 - genDependencies : Invalid condition id : LAN8742 Phy interface Condition cause : null
2025-12-09 11:27:30,357 [WARN] PackLoader:240 - Cannot read IP mode file for STMicroelectronics.X-CUBE-SFXS2LP1.4.0.0
2025-12-09 11:27:30,370 [WARN] PackLoader:240 - Cannot read IP mode file for STMicroelectronics.X-CUBE-AZRTOS-H7.3.3.0
2025-12-09 11:27:30,381 [WARN] PackLoader:240 - Cannot read IP mode file for STMicroelectronics.X-CUBE-BLEMGR.4.1.0
2025-12-09 11:27:30,393 [WARN] ConditionMgr:438 - getConditionDescription Invalid condition id : UX DEVICE CLASS RTOS Condition cause : null
2025-12-09 11:27:30,393 [WARN] ConditionMgr:438 - getConditionDescription Invalid condition id : UX DEVICE CLASS RTOS Condition cause : null
2025-12-09 11:27:30,395 [WARN] PackLoader:240 - Cannot read IP mode file for STMicroelectronics.X-CUBE-AZRTOS-WB.2.0.0
2025-12-09 11:27:30,395 [WARN] ConditionMgr:1044 - genDependencies : Invalid condition id : UX DEVICE CLASS RTOS Condition cause : null
2025-12-09 11:27:30,395 [WARN] ConditionMgr:1044 - genDependencies : Invalid condition id : UX DEVICE CLASS RTOS Condition cause : null
2025-12-09 11:27:30,395 [WARN] ConditionMgr:1044 - genDependencies : Invalid condition id : UX DEVICE CLASS RTOS Condition cause : null
2025-12-09 11:27:30,396 [WARN] ConditionMgr:1044 - genDependencies : Invalid condition id : UX DEVICE CLASS RTOS Condition cause : null
2025-12-09 11:27:30,396 [WARN] ConditionMgr:1044 - genDependencies : Invalid condition id : UX DEVICE CLASS RTOS Condition cause : null
2025-12-09 11:27:30,401 [WARN] PackLoader:240 - Cannot read IP mode file for STMicroelectronics.X-CUBE-GNSS1.7.0.1
2025-12-09 11:27:30,406 [WARN] PackLoader:240 - Cannot read IP mode file for STMicroelectronics.X-CUBE-TOUCHGFX.4.25.0
2025-12-09 11:27:30,411 [WARN] PackLoader:240 - Cannot read IP mode file for STMicroelectronics.FP-SNS-STBOX1.2.0.0
2025-12-09 11:27:30,421 [WARN] PackLoader:240 - Cannot read IP mode file for STMicroelectronics.X-CUBE-SUBG2.5.0.0
2025-12-09 11:27:30,450 [WARN] PackLoader:240 - Cannot read IP mode file for STMicroelectronics.X-CUBE-AZRTOS-H7RS.1.1.0
2025-12-09 11:27:30,459 [WARN] PackLoader:240 - Cannot read IP mode file for Cesanta.I-CUBE-Mongoose.7.13.0
2025-12-09 11:27:30,481 [WARN] PackLoader:240 - Cannot read IP mode file for STMicroelectronics.X-CUBE-AZRTOS-G4.2.0.0
2025-12-09 11:27:30,489 [WARN] PackLoader:240 - Cannot read IP mode file for wolfSSL.I-CUBE-wolfSSH.1.4.20
2025-12-09 11:27:30,498 [WARN] PackLoader:240 - Cannot read IP mode file for STMicroelectronics.X-CUBE-IPS.3.1.0
2025-12-09 11:27:30,506 [WARN] PackLoader:240 - Cannot read IP mode file for STMicroelectronics.X-CUBE-ALS.1.0.2
2025-12-09 11:27:30,515 [WARN] PackLoader:240 - Cannot read IP mode file for STMicroelectronics.X-CUBE-STSE01.1.0.0
2025-12-09 11:27:30,521 [WARN] PackLoader:240 - Cannot read IP mode file for portGmbH.I-Cube-SoM-uGOAL.1.1.0
2025-12-09 11:27:30,522 [INFO] ThirdParty:978 - Integrity check success = true
2025-12-09 11:27:30,522 [INFO] IntegrityCheckThread:100 - exiting critical section [integrity check]
2025-12-09 11:27:30,522 [INFO] IntegrityCheckThread:103 - End integrity checks thread
2025-12-09 11:27:46,219 [ERROR] LogOutputStream:75 - [STDERR_REDIRECT] 
